Der Buildvorgang wurde am 04.03.2014 22:30:55 gestartet.
     1>Projekt "C:\Users\Alexandra\TU\6.Semester\Alex_SEPM\CG\Prototype\Prototype\Prototype.vcxproj" auf Knoten "2", Build Ziel(e).
     1>ClCompile:
         C:\Program Files (x86)\Microsoft Visual Studio 12.0\VC\bin\CL.exe /c /IC:\Users\Alexandra\TU\6.Semester\Alex_SEPM\CG\Prototype\External\Include /Zi /nologo /W3 /WX- /O2 /Oi /Oy- /GL /D WIN32 /D NDEBUG /D _CONSOLE /D _UNICODE /D UNICODE /Gm- /EHsc /MD /GS /Gy /fp:precise /Zc:wchar_t /Zc:forScope /Fo"C:\Users\Alexandra\TU\6.Semester\Alex_SEPM\CG\Prototype\build-Release\\" /Fd"C:\Users\Alexandra\TU\6.Semester\Alex_SEPM\CG\Prototype\build-Release\vc120.pdb" /Gd /TP /analyze- /errorReport:prompt Scene\Cube.cpp
         Cube.cpp
       Link:
         C:\Program Files (x86)\Microsoft Visual Studio 12.0\VC\bin\link.exe /ERRORREPORT:PROMPT /OUT:"C:\Users\Alexandra\TU\6.Semester\Alex_SEPM\CG\Prototype\Release\Prototype.exe" /INCREMENTAL:NO /NOLOGO /LIBPATH:C:\Users\Alexandra\TU\6.Semester\Alex_SEPM\CG\Prototype\External\Lib glew32.lib opengl32.lib GLFW.lib zlib.lib libpng15.lib kernel32.lib user32.lib gdi32.lib winspool.lib comdlg32.lib advapi32.lib shell32.lib ole32.lib oleaut32.lib uuid.lib odbc32.lib odbccp32.lib /MANIFEST /MANIFESTUAC:"level='asInvoker' uiAccess='false'" /manifest:embed /DEBUG /PDB:"C:\Users\Alexandra\TU\6.Semester\Alex_SEPM\CG\Prototype\Release\Prototype.pdb" /SUBSYSTEM:CONSOLE /OPT:REF /OPT:ICF /LTCG /TLBID:1 /DYNAMICBASE /NXCOMPAT /IMPLIB:"C:\Users\Alexandra\TU\6.Semester\Alex_SEPM\CG\Prototype\Release\Prototype.lib" /MACHINE:X86 /SAFESEH "C:\Users\Alexandra\TU\6.Semester\Alex_SEPM\CG\Prototype\build-Release\main.obj"
         "C:\Users\Alexandra\TU\6.Semester\Alex_SEPM\CG\Prototype\build-Release\Cube.obj"
         "C:\Users\Alexandra\TU\6.Semester\Alex_SEPM\CG\Prototype\build-Release\Shader.obj"
         "C:\Users\Alexandra\TU\6.Semester\Alex_SEPM\CG\Prototype\build-Release\SceneObject.obj"
         Code wird generiert.
         Codegenerierung ist abgeschlossen.
     1>GLFW.lib(enable.obj) : warning LNK4099: PDB "vc110.pdb" wurde nicht mit "GLFW.lib(enable.obj)" oder an "C:\Users\Alexandra\TU\6.Semester\Alex_SEPM\CG\Prototype\Release\vc110.pdb" gefunden; Objekt wird verknüpft, als ob keine Debuginformationen vorhanden wären.
     1>GLFW.lib(glext.obj) : warning LNK4099: PDB "vc110.pdb" wurde nicht mit "GLFW.lib(glext.obj)" oder an "C:\Users\Alexandra\TU\6.Semester\Alex_SEPM\CG\Prototype\Release\vc110.pdb" gefunden; Objekt wird verknüpft, als ob keine Debuginformationen vorhanden wären.
     1>GLFW.lib(init.obj) : warning LNK4099: PDB "vc110.pdb" wurde nicht mit "GLFW.lib(init.obj)" oder an "C:\Users\Alexandra\TU\6.Semester\Alex_SEPM\CG\Prototype\Release\vc110.pdb" gefunden; Objekt wird verknüpft, als ob keine Debuginformationen vorhanden wären.
     1>GLFW.lib(input.obj) : warning LNK4099: PDB "vc110.pdb" wurde nicht mit "GLFW.lib(input.obj)" oder an "C:\Users\Alexandra\TU\6.Semester\Alex_SEPM\CG\Prototype\Release\vc110.pdb" gefunden; Objekt wird verknüpft, als ob keine Debuginformationen vorhanden wären.
     1>GLFW.lib(time.obj) : warning LNK4099: PDB "vc110.pdb" wurde nicht mit "GLFW.lib(time.obj)" oder an "C:\Users\Alexandra\TU\6.Semester\Alex_SEPM\CG\Prototype\Release\vc110.pdb" gefunden; Objekt wird verknüpft, als ob keine Debuginformationen vorhanden wären.
     1>GLFW.lib(win32_enable.obj) : warning LNK4099: PDB "vc110.pdb" wurde nicht mit "GLFW.lib(win32_enable.obj)" oder an "C:\Users\Alexandra\TU\6.Semester\Alex_SEPM\CG\Prototype\Release\vc110.pdb" gefunden; Objekt wird verknüpft, als ob keine Debuginformationen vorhanden wären.
     1>GLFW.lib(win32_fullscreen.obj) : warning LNK4099: PDB "vc110.pdb" wurde nicht mit "GLFW.lib(win32_fullscreen.obj)" oder an "C:\Users\Alexandra\TU\6.Semester\Alex_SEPM\CG\Prototype\Release\vc110.pdb" gefunden; Objekt wird verknüpft, als ob keine Debuginformationen vorhanden wären.
     1>GLFW.lib(win32_glext.obj) : warning LNK4099: PDB "vc110.pdb" wurde nicht mit "GLFW.lib(win32_glext.obj)" oder an "C:\Users\Alexandra\TU\6.Semester\Alex_SEPM\CG\Prototype\Release\vc110.pdb" gefunden; Objekt wird verknüpft, als ob keine Debuginformationen vorhanden wären.
     1>GLFW.lib(win32_init.obj) : warning LNK4099: PDB "vc110.pdb" wurde nicht mit "GLFW.lib(win32_init.obj)" oder an "C:\Users\Alexandra\TU\6.Semester\Alex_SEPM\CG\Prototype\Release\vc110.pdb" gefunden; Objekt wird verknüpft, als ob keine Debuginformationen vorhanden wären.
     1>GLFW.lib(win32_time.obj) : warning LNK4099: PDB "vc110.pdb" wurde nicht mit "GLFW.lib(win32_time.obj)" oder an "C:\Users\Alexandra\TU\6.Semester\Alex_SEPM\CG\Prototype\Release\vc110.pdb" gefunden; Objekt wird verknüpft, als ob keine Debuginformationen vorhanden wären.
     1>GLFW.lib(win32_window.obj) : warning LNK4099: PDB "vc110.pdb" wurde nicht mit "GLFW.lib(win32_window.obj)" oder an "C:\Users\Alexandra\TU\6.Semester\Alex_SEPM\CG\Prototype\Release\vc110.pdb" gefunden; Objekt wird verknüpft, als ob keine Debuginformationen vorhanden wären.
     1>GLFW.lib(window.obj) : warning LNK4099: PDB "vc110.pdb" wurde nicht mit "GLFW.lib(window.obj)" oder an "C:\Users\Alexandra\TU\6.Semester\Alex_SEPM\CG\Prototype\Release\vc110.pdb" gefunden; Objekt wird verknüpft, als ob keine Debuginformationen vorhanden wären.
         Prototype.vcxproj -> C:\Users\Alexandra\TU\6.Semester\Alex_SEPM\CG\Prototype\Release\Prototype.exe
     1>Die Erstellung des Projekts "C:\Users\Alexandra\TU\6.Semester\Alex_SEPM\CG\Prototype\Prototype\Prototype.vcxproj" ist abgeschlossen, Build Ziel(e).

Build erfolgreich.

Verstrichene Zeit 00:00:01.21
